<?xml version="1.0" encoding="UTF-8"?>
<!-- Generated by org.testng.reporters.JUnitXMLReporter -->
<testsuite ignored="0" hostname="Latika" failures="0" tests="5" name="Default test" time="13.123" errors="0" timestamp="2024-09-19T00:18:43 IST">
  <testcase classname="Assignment2_PageObjectModel.LoginPageTestCases" name="verifyUrl" time="0.555"/>
  <testcase classname="Assignment2_PageObjectModel.LoginPageTestCases" name="verifyTitle" time="0.016"/>
  <testcase classname="Assignment2_PageObjectModel.LoginPageTestCases" name="verifywithValidCredentials" time="0.433"/>
  <testcase classname="Assignment2_PageObjectModel.LoginPageTestCases" name="verifywithInvalidUsername" time="0.272"/>
  <testcase classname="Assignment2_PageObjectModel.LoginPageTestCases" name="verifywithInValidPassword" time="0.315"/>
</testsuite> <!-- Default test -->
