<?xml version="1.0" encoding="UTF-8"?>
<!-- Generated by org.testng.reporters.JUnitXMLReporter -->
<testsuite ignored="0" hostname="Latika" failures="0" tests="5" name="Test" time="10.574" errors="0" timestamp="2024-09-17T23:45:34 IST">
  <testcase classname="Assignment2_PageObjectModel.LoginPageTestCases" name="verifyUrl" time="0.023"/>
  <testcase classname="Assignment2_PageObjectModel.LoginPageTestCases" name="verifyTitle" time="0.017"/>
  <testcase classname="Assignment2_PageObjectModel.LoginPageTestCases" name="verifywithValidCredentials" time="0.344"/>
  <testcase classname="Assignment2_PageObjectModel.LoginPageTestCases" name="verifywithInvalidUsername" time="0.254"/>
  <testcase classname="Assignment2_PageObjectModel.LoginPageTestCases" name="verifywithInValidPassword" time="0.333"/>
</testsuite> <!-- Test -->
