<?xml version="1.0" encoding="UTF-8"?>
<testng-results ignored="0" total="5" passed="5" failed="0" skipped="0">
  <reporter-output>
  </reporter-output>
  <suite started-at="2024-09-19T00:18:29 IST" name="Default suite" finished-at="2024-09-19T00:18:43 IST" duration-ms="13123">
    <groups>
    </groups>
    <test started-at="2024-09-19T00:18:29 IST" name="Default test" finished-at="2024-09-19T00:18:43 IST" duration-ms="13123">
      <class name="Assignment2_PageObjectModel.LoginPageTestCases">
        <test-method is-config="true" signature="setUp()[pri:0, instance:Assignment2_PageObjectModel.LoginPageTestCases@42a48628]" started-at="2024-09-19T00:18:30 IST" name="setUp" finished-at="2024-09-19T00:18:32 IST" duration-ms="2565" status="PASS">
          <reporter-output>
          </reporter-output>
        </test-method> <!-- setUp -->
        <test-method signature="verifyUrl()[pri:1, instance:Assignment2_PageObjectModel.LoginPageTestCases@42a48628]" started-at="2024-09-19T00:18:32 IST" name="verifyUrl" finished-at="2024-09-19T00:18:33 IST" duration-ms="555" status="PASS">
          <reporter-output>
          </reporter-output>
        </test-method> <!-- verifyUrl -->
        <test-method is-config="true" signature="setUp()[pri:0, instance:Assignment2_PageObjectModel.LoginPageTestCases@42a48628]" started-at="2024-09-19T00:18:33 IST" name="setUp" finished-at="2024-09-19T00:18:34 IST" duration-ms="1815" status="PASS">
          <reporter-output>
          </reporter-output>
        </test-method> <!-- setUp -->
        <test-method signature="verifyTitle()[pri:2, instance:Assignment2_PageObjectModel.LoginPageTestCases@42a48628]" started-at="2024-09-19T00:18:34 IST" name="verifyTitle" finished-at="2024-09-19T00:18:34 IST" duration-ms="16" status="PASS">
          <reporter-output>
          </reporter-output>
        </test-method> <!-- verifyTitle -->
        <test-method is-config="true" signature="setUp()[pri:0, instance:Assignment2_PageObjectModel.LoginPageTestCases@42a48628]" started-at="2024-09-19T00:18:34 IST" name="setUp" finished-at="2024-09-19T00:18:37 IST" duration-ms="2287" status="PASS">
          <reporter-output>
          </reporter-output>
        </test-method> <!-- setUp -->
        <test-method signature="verifywithValidCredentials()[pri:3, instance:Assignment2_PageObjectModel.LoginPageTestCases@42a48628]" started-at="2024-09-19T00:18:37 IST" name="verifywithValidCredentials" finished-at="2024-09-19T00:18:37 IST" duration-ms="433" status="PASS">
          <reporter-output>
          </reporter-output>
        </test-method> <!-- verifywithValidCredentials -->
        <test-method is-config="true" signature="setUp()[pri:0, instance:Assignment2_PageObjectModel.LoginPageTestCases@42a48628]" started-at="2024-09-19T00:18:37 IST" name="setUp" finished-at="2024-09-19T00:18:39 IST" duration-ms="2135" status="PASS">
          <reporter-output>
          </reporter-output>
        </test-method> <!-- setUp -->
        <test-method signature="verifywithInvalidUsername()[pri:4, instance:Assignment2_PageObjectModel.LoginPageTestCases@42a48628]" started-at="2024-09-19T00:18:39 IST" name="verifywithInvalidUsername" finished-at="2024-09-19T00:18:40 IST" duration-ms="272" status="PASS">
          <reporter-output>
          </reporter-output>
        </test-method> <!-- verifywithInvalidUsername -->
        <test-method is-config="true" signature="setUp()[pri:0, instance:Assignment2_PageObjectModel.LoginPageTestCases@42a48628]" started-at="2024-09-19T00:18:40 IST" name="setUp" finished-at="2024-09-19T00:18:42 IST" duration-ms="2630" status="PASS">
          <reporter-output>
          </reporter-output>
        </test-method> <!-- setUp -->
        <test-method signature="verifywithInValidPassword()[pri:5, instance:Assignment2_PageObjectModel.LoginPageTestCases@42a48628]" started-at="2024-09-19T00:18:42 IST" name="verifywithInValidPassword" finished-at="2024-09-19T00:18:43 IST" duration-ms="315" status="PASS">
          <reporter-output>
          </reporter-output>
        </test-method> <!-- verifywithInValidPassword -->
      </class> <!-- Assignment2_PageObjectModel.LoginPageTestCases -->
    </test> <!-- Default test -->
  </suite> <!-- Default suite -->
</testng-results>
